Zookeeper arrive at Zoo on Day 1
zookeeper wakes up Charlie the cat
zookeeper wakes up Tom the tiger
zookeeper wakes up Dug the dog
zookeeper wakes up Wendy the wolf
zookeeper wakes up Lilly the lizard
zookeeper wakes up Sam the snake
zookeeper wakes up Harry the hippo
zookeeper wakes up Rick the rhino
zookeeper roll calls Charlie the cat
zookeeper roll calls Tom the tiger
zookeeper roll calls Dug the dog
zookeeper roll calls Wendy the wolf
zookeeper roll calls Lilly the lizard
zookeeper roll calls Sam the snake
zookeeper roll calls Harry the hippo
zookeeper roll calls Rick the rhino
zookeeper feeds Charlie the cat
zookeeper feeds Tom the tiger
zookeeper feeds Dug the dog
zookeeper feeds Wendy the wolf
zookeeper feeds Lilly the lizard
zookeeper feeds Sam the snake
zookeeper feeds Harry the hippo
zookeeper feeds Rick the rhino
zookeeper exercises Charlie the cat
zookeeper exercises Tom the tiger
zookeeper tried to wakes up Dug the dog but he dug instead.
zookeeper exercises Wendy the wolf
zookeeper exercises Lilly the lizard
zookeeper exercises Sam the snake
zookeeper tried to exercises Harry the hippo but he charged instead.
zookeeper tried to exercises Rick the rhino but he charged instead.
zookeeper exercises Charlie the cat
zookeeper sleeps Tom the tiger
zookeeper sleeps Dug the dog
zookeeper sleeps Wendy the wolf
zookeeper sleeps Lilly the lizard
zookeeper sleeps Sam the snake
zookeeper sleeps Harry the hippo
zookeeper sleeps Rick the rhino
Zookeeper leaves at Zoo on Day 1
Zookeeper arrive at Zoo on Day 2
zookeeper wakes up Charlie the cat
zookeeper wakes up Tom the tiger
zookeeper wakes up Dug the dog
zookeeper wakes up Wendy the wolf
zookeeper wakes up Lilly the lizard
zookeeper wakes up Sam the snake
zookeeper wakes up Harry the hippo
zookeeper wakes up Rick the rhino
zookeeper roll calls Charlie the cat
zookeeper roll calls Tom the tiger
zookeeper roll calls Dug the dog
zookeeper roll calls Wendy the wolf
zookeeper roll calls Lilly the lizard
zookeeper roll calls Sam the snake
zookeeper roll calls Harry the hippo
zookeeper roll calls Rick the rhino
zookeeper feeds Charlie the cat
zookeeper feeds Tom the tiger
zookeeper feeds Dug the dog
zookeeper feeds Wendy the wolf
zookeeper feeds Lilly the lizard
zookeeper feeds Sam the snake
zookeeper feeds Harry the hippo
zookeeper feeds Rick the rhino
zookeeper exercises Charlie the cat
zookeeper exercises Tom the tiger
zookeeper exercises Dug the dog
zookeeper exercises Wendy the wolf
zookeeper exercises Lilly the lizard
zookeeper exercises Sam the snake
zookeeper exercises Harry the hippo
zookeeper exercises Rick the rhino
zookeeper sleeps Charlie the cat
zookeeper sleeps Tom the tiger
zookeeper sleeps Dug the dog
zookeeper sleeps Wendy the wolf
zookeeper sleeps Lilly the lizard
zookeeper sleeps Sam the snake
zookeeper sleeps Harry the hippo
zookeeper sleeps Rick the rhino
Zookeeper leaves at Zoo on Day 2
Zookeeper arrive at Zoo on Day 3
zookeeper wakes up Charlie the cat
zookeeper wakes up Tom the tiger
zookeeper wakes up Dug the dog
zookeeper wakes up Wendy the wolf
zookeeper wakes up Lilly the lizard
zookeeper wakes up Sam the snake
zookeeper wakes up Harry the hippo
zookeeper wakes up Rick the rhino
zookeeper roll calls Charlie the cat
zookeeper roll calls Tom the tiger
zookeeper roll calls Dug the dog
zookeeper roll calls Wendy the wolf
zookeeper roll calls Lilly the lizard
zookeeper roll calls Sam the snake
zookeeper roll calls Harry the hippo
zookeeper roll calls Rick the rhino
zookeeper feeds Charlie the cat
zookeeper feeds Tom the tiger
zookeeper feeds Dug the dog
zookeeper feeds Wendy the wolf
zookeeper feeds Lilly the lizard
zookeeper feeds Sam the snake
zookeeper feeds Harry the hippo
zookeeper feeds Rick the rhino
zookeeper exercises Charlie the cat
zookeeper exercises Tom the tiger
zookeeper exercises Dug the dog
zookeeper exercises Wendy the wolf
zookeeper exercises Lilly the lizard
zookeeper exercises Sam the snake
zookeeper exercises Harry the hippo
zookeeper exercises Rick the rhino
zookeeper sleeps Charlie the cat
zookeeper roll calls Tom the tiger
zookeeper sleeps Dug the dog
zookeeper sleeps Wendy the wolf
zookeeper sleeps Lilly the lizard
zookeeper sleeps Sam the snake
zookeeper sleeps Harry the hippo
zookeeper sleeps Rick the rhino
Zookeeper leaves at Zoo on Day 3
Zookeeper arrive at Zoo on Day 4
zookeeper wakes up Charlie the cat
zookeeper wakes up Tom the tiger
zookeeper wakes up Dug the dog
zookeeper wakes up Wendy the wolf
zookeeper wakes up Lilly the lizard
zookeeper wakes up Sam the snake
zookeeper wakes up Harry the hippo
zookeeper wakes up Rick the rhino
zookeeper roll calls Charlie the cat
zookeeper roll calls Tom the tiger
zookeeper roll calls Dug the dog
zookeeper roll calls Wendy the wolf
zookeeper roll calls Lilly the lizard
zookeeper roll calls Sam the snake
zookeeper roll calls Harry the hippo
zookeeper roll calls Rick the rhino
zookeeper feeds Charlie the cat
zookeeper feeds Tom the tiger
zookeeper feeds Dug the dog
zookeeper feeds Wendy the wolf
zookeeper feeds Lilly the lizard
zookeeper feeds Sam the snake
zookeeper feeds Harry the hippo
zookeeper feeds Rick the rhino
zookeeper exercises Charlie the cat
zookeeper exercises Tom the tiger
zookeeper exercises Dug the dog
zookeeper exercises Wendy the wolf
zookeeper exercises Lilly the lizard
zookeeper exercises Sam the snake
zookeeper exercises Harry the hippo
zookeeper exercises Rick the rhino
zookeeper roll calls Charlie the cat
zookeeper sleeps Tom the tiger
zookeeper sleeps Dug the dog
zookeeper sleeps Wendy the wolf
zookeeper sleeps Lilly the lizard
zookeeper sleeps Sam the snake
zookeeper sleeps Harry the hippo
zookeeper sleeps Rick the rhino
Zookeeper leaves at Zoo on Day 4
Zookeeper arrive at Zoo on Day 5
zookeeper wakes up Charlie the cat
zookeeper wakes up Tom the tiger
zookeeper wakes up Dug the dog
zookeeper wakes up Wendy the wolf
zookeeper wakes up Lilly the lizard
zookeeper wakes up Sam the snake
zookeeper wakes up Harry the hippo
zookeeper wakes up Rick the rhino
zookeeper roll calls Charlie the cat
zookeeper roll calls Tom the tiger
zookeeper roll calls Dug the dog
zookeeper roll calls Wendy the wolf
zookeeper roll calls Lilly the lizard
zookeeper roll calls Sam the snake
zookeeper roll calls Harry the hippo
zookeeper roll calls Rick the rhino
zookeeper feeds Charlie the cat
zookeeper feeds Tom the tiger
zookeeper feeds Dug the dog
zookeeper feeds Wendy the wolf
zookeeper feeds Lilly the lizard
zookeeper feeds Sam the snake
zookeeper feeds Harry the hippo
zookeeper feeds Rick the rhino
zookeeper exercises Charlie the cat
zookeeper exercises Tom the tiger
zookeeper tried to wakes up Dug the dog but he dug instead.
zookeeper exercises Wendy the wolf
zookeeper exercises Lilly the lizard
zookeeper exercises Sam the snake
zookeeper tried to exercises Harry the hippo but he charged instead.
zookeeper tried to exercises Rick the rhino but he charged instead.
zookeeper roll calls Charlie the cat
zookeeper sleeps Tom the tiger
zookeeper sleeps Dug the dog
zookeeper sleeps Wendy the wolf
zookeeper sleeps Lilly the lizard
zookeeper sleeps Sam the snake
zookeeper sleeps Harry the hippo
zookeeper sleeps Rick the rhino
Zookeeper leaves at Zoo on Day 5
Zookeeper arrive at Zoo on Day 6
zookeeper wakes up Charlie the cat
zookeeper wakes up Tom the tiger
zookeeper wakes up Dug the dog
zookeeper wakes up Wendy the wolf
zookeeper wakes up Lilly the lizard
zookeeper wakes up Sam the snake
zookeeper wakes up Harry the hippo
zookeeper wakes up Rick the rhino
zookeeper roll calls Charlie the cat
zookeeper roll calls Tom the tiger
zookeeper roll calls Dug the dog
zookeeper roll calls Wendy the wolf
zookeeper roll calls Lilly the lizard
zookeeper roll calls Sam the snake
zookeeper roll calls Harry the hippo
zookeeper roll calls Rick the rhino
zookeeper feeds Charlie the cat
zookeeper feeds Tom the tiger
zookeeper feeds Dug the dog
zookeeper feeds Wendy the wolf
zookeeper feeds Lilly the lizard
zookeeper feeds Sam the snake
zookeeper feeds Harry the hippo
zookeeper feeds Rick the rhino
zookeeper exercises Charlie the cat
zookeeper exercises Tom the tiger
zookeeper exercises Dug the dog
zookeeper exercises Wendy the wolf
zookeeper exercises Lilly the lizard
zookeeper exercises Sam the snake
zookeeper exercises Harry the hippo
zookeeper exercises Rick the rhino
zookeeper exercises Charlie the cat
zookeeper sleeps Tom the tiger
zookeeper sleeps Dug the dog
zookeeper sleeps Wendy the wolf
zookeeper sleeps Lilly the lizard
zookeeper sleeps Sam the snake
zookeeper sleeps Harry the hippo
zookeeper sleeps Rick the rhino
Zookeeper leaves at Zoo on Day 6
Zookeeper arrive at Zoo on Day 7
zookeeper wakes up Charlie the cat
zookeeper wakes up Tom the tiger
zookeeper wakes up Dug the dog
zookeeper wakes up Wendy the wolf
zookeeper wakes up Lilly the lizard
zookeeper wakes up Sam the snake
zookeeper wakes up Harry the hippo
zookeeper wakes up Rick the rhino
zookeeper roll calls Charlie the cat
zookeeper roll calls Tom the tiger
zookeeper roll calls Dug the dog
zookeeper roll calls Wendy the wolf
zookeeper roll calls Lilly the lizard
zookeeper roll calls Sam the snake
zookeeper roll calls Harry the hippo
zookeeper roll calls Rick the rhino
zookeeper feeds Charlie the cat
zookeeper feeds Tom the tiger
zookeeper feeds Dug the dog
zookeeper feeds Wendy the wolf
zookeeper feeds Lilly the lizard
zookeeper feeds Sam the snake
zookeeper feeds Harry the hippo
zookeeper feeds Rick the rhino
zookeeper exercises Charlie the cat
zookeeper exercises Tom the tiger
zookeeper tried to wakes up Dug the dog but he dug instead.
zookeeper exercises Wendy the wolf
zookeeper exercises Lilly the lizard
zookeeper exercises Sam the snake
zookeeper tried to exercises Harry the hippo but he charged instead.
zookeeper tried to exercises Rick the rhino but he charged instead.
zookeeper sleeps Charlie the cat
zookeeper exercises Tom the tiger
zookeeper sleeps Dug the dog
zookeeper sleeps Wendy the wolf
zookeeper sleeps Lilly the lizard
zookeeper sleeps Sam the snake
zookeeper sleeps Harry the hippo
zookeeper sleeps Rick the rhino
Zookeeper leaves at Zoo on Day 7
